\BOOKMARK [0][-]{chapter.1}{\376\377\000Z\000p\000r\000i\000m\000e\000\040\000B\000o\000s\000o\000n\000s}{}
\BOOKMARK [1][-]{section.1.1}{\376\377\000S\000t\000a\000n\000d\000a\000r\000d\000\040\000M\000o\000d\000e\000l}{chapter.1}
\BOOKMARK [1][-]{section.1.2}{\376\377\000M\000o\000t\000i\000v\000a\000t\000i\000o\000n\000\040\000f\000o\000r\000\040\000Z\000p\000r\000i\000m\000e\000\040\000B\000o\000s\000o\000n\000s}{chapter.1}
\BOOKMARK [0][-]{chapter.2}{\376\377\000C\000M\000S\000\040\000E\000x\000p\000e\000r\000i\000m\000e\000n\000t}{}
\BOOKMARK [1][-]{section.2.1}{\376\377\000L\000H\000C\000\040\000A\000c\000c\000e\000l\000e\000r\000a\000t\000o\000r}{chapter.2}
\BOOKMARK [1][-]{section.2.2}{\376\377\000T\000h\000e\000\040\000C\000M\000S\000\040\000D\000e\000t\000e\000c\000t\000o\000r}{chapter.2}
\BOOKMARK [1][-]{section.2.3}{\376\377\000T\000h\000e\000\040\000T\000r\000a\000c\000k\000e\000r\000\040\000S\000y\000s\000t\000e\000m}{chapter.2}
\BOOKMARK [2][-]{subsection.2.3.1}{\376\377\000P\000i\000x\000e\000l\000\040\000T\000r\000a\000c\000k\000e\000r}{section.2.3}
\BOOKMARK [2][-]{subsection.2.3.2}{\376\377\000S\000i\000l\000i\000c\000o\000n\000\040\000S\000t\000r\000i\000p\000\040\000D\000e\000t\000e\000c\000t\000o\000r}{section.2.3}
\BOOKMARK [1][-]{section.2.4}{\376\377\000E\000l\000e\000c\000t\000r\000o\000m\000a\000g\000n\000e\000t\000i\000c\000\040\000C\000a\000l\000o\000r\000i\000m\000e\000t\000e\000r}{chapter.2}
\BOOKMARK [1][-]{section.2.5}{\376\377\000H\000a\000d\000r\000o\000n\000i\000c\000\040\000C\000a\000l\000o\000r\000i\000m\000e\000t\000e\000r}{chapter.2}
\BOOKMARK [1][-]{section.2.6}{\376\377\000M\000u\000o\000n\000\040\000S\000y\000s\000t\000e\000m}{chapter.2}
\BOOKMARK [2][-]{subsection.2.6.1}{\376\377\000R\000P\000C\000s}{section.2.6}
\BOOKMARK [2][-]{subsection.2.6.2}{\376\377\000D\000T\000s}{section.2.6}
\BOOKMARK [2][-]{subsection.2.6.3}{\376\377\000C\000S\000C\000s}{section.2.6}
\BOOKMARK [2][-]{subsection.2.6.4}{\376\377\000G\000E\000M\000s}{section.2.6}
\BOOKMARK [0][-]{chapter.3}{\376\377\000P\000a\000r\000t\000i\000c\000l\000e\000\040\000I\000d\000e\000n\000t\000i\000f\000i\000c\000a\000t\000i\000o\000n\000\040\000a\000n\000d\000\040\000E\000v\000e\000n\000t\000\040\000R\000e\000c\000o\000n\000s\000t\000r\000u\000c\000t\000i\000o\000n}{}
\BOOKMARK [1][-]{section.3.1}{\376\377\000J\000e\000t\000s\000\040\000I\000d\000e\000n\000t\000i\000f\000i\000c\000a\000t\000i\000o\000n}{chapter.3}
\BOOKMARK [1][-]{section.3.2}{\376\377\000E\000l\000e\000c\000t\000r\000o\000n\000\040\000I\000d\000e\000n\000t\000i\000f\000i\000c\000a\000t\000i\000o\000n}{chapter.3}
\BOOKMARK [1][-]{section.3.3}{\376\377\000M\000u\000o\000n\000\040\000I\000d\000e\000n\000t\000i\000f\000i\000c\000a\000t\000i\000o\000n}{chapter.3}
\BOOKMARK [1][-]{section.3.4}{\376\377\000B\000-\000J\000e\000t\000\040\000I\000d\000e\000n\000t\000i\000f\000i\000c\000a\000t\000i\000o\000n}{chapter.3}
\BOOKMARK [1][-]{section.3.5}{\376\377\000M\000E\000T}{chapter.3}
\BOOKMARK [1][-]{section.3.6}{\376\377\000T\000a\000u\000\040\000L\000e\000p\000t\000o\000n}{chapter.3}
\BOOKMARK [2][-]{subsection.3.6.1}{\376\377\000T\000a\000u\000\040\000I\000d\000e\000n\000t\000i\000f\000i\000c\000a\000t\000i\000o\000n}{section.3.6}
\BOOKMARK [2][-]{subsection.3.6.2}{\376\377\000T\000a\000u\000\040\000R\000e\000c\000o\000n\000s\000t\000r\000u\000c\000t\000i\000o\000n}{section.3.6}
\BOOKMARK [2][-]{subsection.3.6.3}{\376\377\000W\000o\000r\000k\000i\000n\000g\000\040\000P\000o\000i\000n\000t\000s}{section.3.6}
\BOOKMARK [2][-]{subsection.3.6.4}{\376\377\000F\000a\000k\000e\000\040\000R\000a\000t\000e\000s}{section.3.6}
\BOOKMARK [2][-]{subsection.3.6.5}{\376\377\000P\000e\000r\000s\000p\000e\000c\000t\000i\000v\000e\000s\000\040\000R\000u\000n\000\040\000I\000I\000I}{section.3.6}
\BOOKMARK [0][-]{chapter.4}{\376\377\000A\000n\000a\000l\000y\000s\000i\000s}{}
\BOOKMARK [1][-]{section.4.1}{\376\377\000A\000n\000a\000l\000y\000s\000i\000s\000\040\000S\000t\000r\000a\000t\000e\000g\000y}{chapter.4}
\BOOKMARK [1][-]{section.4.2}{\376\377\000D\000a\000t\000a\000\040\000s\000e\000t\000s\000\040\000a\000n\000d\000\040\000M\000o\000n\000t\000e\000\040\000C\000a\000r\000l\000o\000\040\000s\000a\000m\000p\000l\000e\000s}{chapter.4}
\BOOKMARK [1][-]{section.4.3}{\376\377\000T\000r\000i\000g\000g\000e\000r}{chapter.4}
\BOOKMARK [2][-]{subsection.4.3.1}{\376\377\000T\000r\000i\000g\000g\000e\000r\000\040\000E\000f\000f\000i\000c\000i\000e\000n\000c\000y}{section.4.3}
\BOOKMARK [1][-]{section.4.4}{\376\377\000E\000v\000e\000n\000t\000\040\000S\000e\000l\000e\000c\000t\000i\000o\000n}{chapter.4}
\BOOKMARK [1][-]{section.4.5}{\376\377\000B\000a\000c\000k\000g\000r\000o\000u\000n\000d\000\040\000E\000s\000t\000i\000m\000a\000t\000i\000o\000n}{chapter.4}
\BOOKMARK [2][-]{subsection.4.5.1}{\376\377\000Q\000C\000D}{section.4.5}
\BOOKMARK [2][-]{subsection.4.5.2}{\376\377\000D\000r\000e\000l\000l\000-\000Y\000a\000n}{section.4.5}
\BOOKMARK [1][-]{section.4.6}{\376\377\000S\000y\000s\000t\000e\000m\000a\000t\000i\000c\000s}{chapter.4}
\BOOKMARK [1][-]{section.4.7}{\376\377\000R\000e\000s\000u\000l\000t\000s}{chapter.4}
\BOOKMARK [0][-]{chapter.5}{\376\377\000C\000o\000n\000c\000l\000u\000s\000i\000o\000n\000s}{}
